# JRE version: OpenJDK Runtime Environment GraalVM CE 22.3.0 (17.0.5+8) (build 17.0.5+8-jvmci-22.3-b08)
# Java VM: OpenJDK 64-Bit Server VM GraalVM CE 22.3.0 (17.0.5+8-jvmci-22.3-b08, mixed mode, sharing, tiered, jvmci, jvmci compiler, compressed oops, compressed class ptrs, parallel gc, linux-amd64)
GC Precious Log:
 CPUs: 8 total, 1 available
 Memory: 1024M
 Large Page Support: Disabled
 NUMA Support: Disabled
 Compressed Oops: Enabled (32-bit)
 Alignments: Space 512K, Generation 512K, Heap 2M
 Heap Min Capacity: 100M
 Heap Initial Capacity: 100M
 Heap Max Capacity: 512M
 Pre-touch: Disabled
 Parallel Workers: 1
Heap:
 PSYoungGen      total 62976K, used 34303K [0x00000000f5580000, 0x00000000fb480000, 0x0000000100000000)
  eden space 34304K, 99% used [0x00000000f5580000,0x00000000f76ffff8,0x00000000f7700000)
  from space 28672K, 0% used [0x00000000f9880000,0x00000000f9880000,0x00000000fb480000)
  to   space 13312K, 0% used [0x00000000f7700000,0x00000000f7700000,0x00000000f8400000)
 ParOldGen       total 349696K, used 349695K [0x00000000e0000000, 0x00000000f5580000, 0x00000000f5580000)
  object space 349696K, 99% used [0x00000000e0000000,0x00000000f557ffe8,0x00000000f5580000)
 Metaspace       used 59470K, committed 60608K, reserved 1105920K
  class space    used 5870K, committed 6336K, reserved 1048576K
GC Heap History (20 events):
Event: 1600.946 GC heap before
{Heap before GC invocations=836 (full 744):
 PSYoungGen      total 62976K, used 34304K [0x00000000f5580000, 0x00000000fb480000, 0x0000000100000000)
  eden space 34304K, 100% used [0x00000000f5580000,0x00000000f7700000,0x00000000f7700000)
  from space 28672K, 0% used [0x00000000f9880000,0x00000000f9880000,0x00000000fb480000)
  to   space 13312K, 0% used [0x00000000f7700000,0x00000000f7700000,0x00000000f8400000)
 ParOldGen       total 349696K, used 349693K [0x00000000e0000000, 0x00000000f5580000, 0x00000000f5580000)
  object space 349696K, 99% used [0x00000000e0000000,0x00000000f557f490,0x00000000f5580000)
 Metaspace       used 59470K, committed 60608K, reserved 1105920K
  class space    used 5870K, committed 6336K, reserved 1048576K
}
Event: 1603.152 GC heap after
{Heap after GC invocations=836 (full 744):
 PSYoungGen      total 47616K, used 34303K [0x00000000f5580000, 0x00000000fb480000, 0x0000000100000000)
  eden space 34304K, 99% used [0x00000000f5580000,0x00000000f76ffea8,0x00000000f7700000)
  from space 13312K, 0% used [0x00000000f7700000,0x00000000f7700000,0x00000000f8400000)
  to   space 28672K, 0% used [0x00000000f9880000,0x00000000f9880000,0x00000000fb480000)
 ParOldGen       total 349696K, used 349692K [0x00000000e0000000, 0x00000000f5580000, 0x00000000f5580000)
  object space 349696K, 99% used [0x00000000e0000000,0x00000000f557f248,0x00000000f5580000)
 Metaspace       used 59470K, committed 60608K, reserved 1105920K
  class space    used 5870K, committed 6336K, reserved 1048576K
}
Event: 1603.152 GC heap before
{Heap before GC invocations=837 (full 745):
 PSYoungGen      total 47616K, used 34304K [0x00000000f5580000, 0x00000000fb480000, 0x0000000100000000)
  eden space 34304K, 100% used [0x00000000f5580000,0x00000000f7700000,0x00000000f7700000)
  from space 13312K, 0% used [0x00000000f7700000,0x00000000f7700000,0x00000000f8400000)
  to   space 28672K, 0% used [0x00000000f9880000,0x00000000f9880000,0x00000000fb480000)
 ParOldGen       total 349696K, used 349692K [0x00000000e0000000, 0x00000000f5580000, 0x00000000f5580000)
  object space 349696K, 99% used [0x00000000e0000000,0x00000000f557f248,0x00000000f5580000)
 Metaspace       used 59470K, committed 60608K, reserved 1105920K
  class space    used 5870K, committed 6336K, reserved 1048576K
}
Event: 1605.051 GC heap after
{Heap after GC invocations=837 (full 745):
 PSYoungGen      total 62976K, used 34303K [0x00000000f5580000, 0x00000000fb480000, 0x0000000100000000)
  eden space 34304K, 99% used [0x00000000f5580000,0x00000000f76fffe8,0x00000000f7700000)
  from space 28672K, 0% used [0x00000000f9880000,0x00000000f9880000,0x00000000fb480000)
  to   space 13312K, 0% used [0x00000000f7700000,0x00000000f7700000,0x00000000f8400000)
 ParOldGen       total 349696K, used 349692K [0x00000000e0000000, 0x00000000f5580000, 0x00000000f5580000)
  object space 349696K, 99% used [0x00000000e0000000,0x00000000f557f200,0x00000000f5580000)
 Metaspace       used 59470K, committed 60608K, reserved 1105920K
  class space    used 5870K, committed 6336K, reserved 1048576K
}
Event: 1605.051 GC heap before
{Heap before GC invocations=838 (full 746):
 PSYoungGen      total 62976K, used 34304K [0x00000000f5580000, 0x00000000fb480000, 0x0000000100000000)
  eden space 34304K, 100% used [0x00000000f5580000,0x00000000f7700000,0x00000000f7700000)
  from space 28672K, 0% used [0x00000000f9880000,0x00000000f9880000,0x00000000fb480000)
  to   space 13312K, 0% used [0x00000000f7700000,0x00000000f7700000,0x00000000f8400000)
 ParOldGen       total 349696K, used 349692K [0x00000000e0000000, 0x00000000f5580000, 0x00000000f5580000)
  object space 349696K, 99% used [0x00000000e0000000,0x00000000f557f200,0x00000000f5580000)
 Metaspace       used 59470K, committed 60608K, reserved 1105920K
  class space    used 5870K, committed 6336K, reserved 1048576K
}
Event: 1606.752 GC heap after
{Heap after GC invocations=838 (full 746):
 PSYoungGen      total 47616K, used 34304K [0x00000000f5580000, 0x00000000fb480000, 0x0000000100000000)
  eden space 34304K, 100% used [0x00000000f5580000,0x00000000f7700000,0x00000000f7700000)
  from space 13312K, 0% used [0x00000000f7700000,0x00000000f7700000,0x00000000f8400000)
  to   space 28672K, 0% used [0x00000000f9880000,0x00000000f9880000,0x00000000fb480000)
 ParOldGen       total 349696K, used 349692K [0x00000000e0000000, 0x00000000f5580000, 0x00000000f5580000)
  object space 349696K, 99% used [0x00000000e0000000,0x00000000f557f200,0x00000000f5580000)
 Metaspace       used 59470K, committed 60608K, reserved 1105920K
  class space    used 5870K, committed 6336K, reserved 1048576K
}
Event: 1606.752 GC heap before
{Heap before GC invocations=839 (full 747):
 PSYoungGen      total 47616K, used 34304K [0x00000000f5580000, 0x00000000fb480000, 0x0000000100000000)
  eden space 34304K, 100% used [0x00000000f5580000,0x00000000f7700000,0x00000000f7700000)
  from space 13312K, 0% used [0x00000000f7700000,0x00000000f7700000,0x00000000f8400000)
  to   space 28672K, 0% used [0x00000000f9880000,0x00000000f9880000,0x00000000fb480000)
 ParOldGen       total 349696K, used 349695K [0x00000000e0000000, 0x00000000f5580000, 0x00000000f5580000)
  object space 349696K, 99% used [0x00000000e0000000,0x00000000f557fd38,0x00000000f5580000)
 Metaspace       used 59470K, committed 60608K, reserved 1105920K
  class space    used 5870K, committed 6336K, reserved 1048576K
}
Event: 1608.651 GC heap after
{Heap after GC invocations=839 (full 747):
 PSYoungGen      total 62976K, used 34303K [0x00000000f5580000, 0x00000000fb480000, 0x0000000100000000)
  eden space 34304K, 99% used [0x00000000f5580000,0x00000000f76fff60,0x00000000f7700000)
  from space 28672K, 0% used [0x00000000f9880000,0x00000000f9880000,0x00000000fb480000)
  to   space 13312K, 0% used [0x00000000f7700000,0x00000000f7700000,0x00000000f8400000)
 ParOldGen       total 349696K, used 349694K [0x00000000e0000000, 0x00000000f5580000, 0x00000000f5580000)
  object space 349696K, 99% used [0x00000000e0000000,0x00000000f557f800,0x00000000f5580000)
 Metaspace       used 59470K, committed 60608K, reserved 1105920K
  class space    used 5870K, committed 6336K, reserved 1048576K
}
Event: 1608.651 GC heap before
{Heap before GC invocations=840 (full 748):
 PSYoungGen      total 62976K, used 34304K [0x00000000f5580000, 0x00000000fb480000, 0x0000000100000000)
  eden space 34304K, 100% used [0x00000000f5580000,0x00000000f7700000,0x00000000f7700000)
  from space 28672K, 0% used [0x00000000f9880000,0x00000000f9880000,0x00000000fb480000)
  to   space 13312K, 0% used [0x00000000f7700000,0x00000000f7700000,0x00000000f8400000)
 ParOldGen       total 349696K, used 349694K [0x00000000e0000000, 0x00000000f5580000, 0x00000000f5580000)
  object space 349696K, 99% used [0x00000000e0000000,0x00000000f557f800,0x00000000f5580000)
 Metaspace       used 59470K, committed 60608K, reserved 1105920K
  class space    used 5870K, committed 6336K, reserved 1048576K
}
Event: 1610.262 GC heap after
{Heap after GC invocations=840 (full 748):
 PSYoungGen      total 47616K, used 34303K [0x00000000f5580000, 0x00000000fb480000, 0x0000000100000000)
  eden space 34304K, 99% used [0x00000000f5580000,0x00000000f76fff60,0x00000000f7700000)
  from space 13312K, 0% used [0x00000000f7700000,0x00000000f7700000,0x00000000f8400000)
  to   space 28672K, 0% used [0x00000000f9880000,0x00000000f9880000,0x00000000fb480000)
 ParOldGen       total 349696K, used 349694K [0x00000000e0000000, 0x00000000f5580000, 0x00000000f5580000)
  object space 349696K, 99% used [0x00000000e0000000,0x00000000f557f800,0x00000000f5580000)
 Metaspace       used 59470K, committed 60608K, reserved 1105920K
  class space    used 5870K, committed 6336K, reserved 1048576K
}
Event: 1610.313 GC heap before
{Heap before GC invocations=841 (full 749):
 PSYoungGen      total 47616K, used 34304K [0x00000000f5580000, 0x00000000fb480000, 0x0000000100000000)
  eden space 34304K, 100% used [0x00000000f5580000,0x00000000f7700000,0x00000000f7700000)
  from space 13312K, 0% used [0x00000000f7700000,0x00000000f7700000,0x00000000f8400000)
  to   space 28672K, 0% used [0x00000000f9880000,0x00000000f9880000,0x00000000fb480000)
 ParOldGen       total 349696K, used 349694K [0x00000000e0000000, 0x00000000f5580000, 0x00000000f5580000)
  object space 349696K, 99% used [0x00000000e0000000,0x00000000f557f800,0x00000000f5580000)
 Metaspace       used 59470K, committed 60608K, reserved 1105920K
  class space    used 5870K, committed 6336K, reserved 1048576K
}
Event: 1612.250 GC heap after
{Heap after GC invocations=841 (full 749):
 PSYoungGen      total 62976K, used 34303K [0x00000000f5580000, 0x00000000fb480000, 0x0000000100000000)
  eden space 34304K, 99% used [0x00000000f5580000,0x00000000f76fff60,0x00000000f7700000)
  from space 28672K, 0% used [0x00000000f9880000,0x00000000f9880000,0x00000000fb480000)
  to   space 13312K, 0% used [0x00000000f7700000,0x00000000f7700000,0x00000000f8400000)
 ParOldGen       total 349696K, used 349694K [0x00000000e0000000, 0x00000000f5580000, 0x00000000f5580000)
  object space 349696K, 99% used [0x00000000e0000000,0x00000000f557f800,0x00000000f5580000)
 Metaspace       used 59470K, committed 60608K, reserved 1105920K
  class space    used 5870K, committed 6336K, reserved 1048576K
}
Event: 1612.251 GC heap before
{Heap before GC invocations=842 (full 750):
 PSYoungGen      total 62976K, used 34304K [0x00000000f5580000, 0x00000000fb480000, 0x0000000100000000)
  eden space 34304K, 100% used [0x00000000f5580000,0x00000000f7700000,0x00000000f7700000)
  from space 28672K, 0% used [0x00000000f9880000,0x00000000f9880000,0x00000000fb480000)
  to   space 13312K, 0% used [0x00000000f7700000,0x00000000f7700000,0x00000000f8400000)
 ParOldGen       total 349696K, used 349694K [0x00000000e0000000, 0x00000000f5580000, 0x00000000f5580000)
  object space 349696K, 99% used [0x00000000e0000000,0x00000000f557f800,0x00000000f5580000)
 Metaspace       used 59470K, committed 60608K, reserved 1105920K
  class space    used 5870K, committed 6336K, reserved 1048576K
}
Event: 1614.114 GC heap after
{Heap after GC invocations=842 (full 750):
 PSYoungGen      total 47616K, used 34303K [0x00000000f5580000, 0x00000000fb480000, 0x0000000100000000)
  eden space 34304K, 99% used [0x00000000f5580000,0x00000000f76fff60,0x00000000f7700000)
  from space 13312K, 0% used [0x00000000f7700000,0x00000000f7700000,0x00000000f8400000)
  to   space 28672K, 0% used [0x00000000f9880000,0x00000000f9880000,0x00000000fb480000)
 ParOldGen       total 349696K, used 349694K [0x00000000e0000000, 0x00000000f5580000, 0x00000000f5580000)
  object space 349696K, 99% used [0x00000000e0000000,0x00000000f557f800,0x00000000f5580000)
 Metaspace       used 59470K, committed 60608K, reserved 1105920K
  class space    used 5870K, committed 6336K, reserved 1048576K
}
Event: 1614.114 GC heap before
{Heap before GC invocations=843 (full 751):
 PSYoungGen      total 47616K, used 34304K [0x00000000f5580000, 0x00000000fb480000, 0x0000000100000000)
  eden space 34304K, 100% used [0x00000000f5580000,0x00000000f7700000,0x00000000f7700000)
  from space 13312K, 0% used [0x00000000f7700000,0x00000000f7700000,0x00000000f8400000)
  to   space 28672K, 0% used [0x00000000f9880000,0x00000000f9880000,0x00000000fb480000)
 ParOldGen       total 349696K, used 349694K [0x00000000e0000000, 0x00000000f5580000, 0x00000000f5580000)
  object space 349696K, 99% used [0x00000000e0000000,0x00000000f557f800,0x00000000f5580000)
 Metaspace       used 59470K, committed 60608K, reserved 1105920K
  class space    used 5870K, committed 6336K, reserved 1048576K
}
Event: 1615.816 GC heap after
{Heap after GC invocations=843 (full 751):
 PSYoungGen      total 62976K, used 34303K [0x00000000f5580000, 0x00000000fb480000, 0x0000000100000000)
  eden space 34304K, 99% used [0x00000000f5580000,0x00000000f76fff60,0x00000000f7700000)
  from space 28672K, 0% used [0x00000000f9880000,0x00000000f9880000,0x00000000fb480000)
  to   space 13312K, 0% used [0x00000000f7700000,0x00000000f7700000,0x00000000f8400000)
 ParOldGen       total 349696K, used 349694K [0x00000000e0000000, 0x00000000f5580000, 0x00000000f5580000)
  object space 349696K, 99% used [0x00000000e0000000,0x00000000f557f800,0x00000000f5580000)
 Metaspace       used 59470K, committed 60608K, reserved 1105920K
  class space    used 5870K, committed 6336K, reserved 1048576K
}
Event: 1615.816 GC heap before
{Heap before GC invocations=844 (full 752):
 PSYoungGen      total 62976K, used 34304K [0x00000000f5580000, 0x00000000fb480000, 0x0000000100000000)
  eden space 34304K, 100% used [0x00000000f5580000,0x00000000f7700000,0x00000000f7700000)
  from space 28672K, 0% used [0x00000000f9880000,0x00000000f9880000,0x00000000fb480000)
  to   space 13312K, 0% used [0x00000000f7700000,0x00000000f7700000,0x00000000f8400000)
 ParOldGen       total 349696K, used 349694K [0x00000000e0000000, 0x00000000f5580000, 0x00000000f5580000)
  object space 349696K, 99% used [0x00000000e0000000,0x00000000f557f800,0x00000000f5580000)
 Metaspace       used 59470K, committed 60608K, reserved 1105920K
  class space    used 5870K, committed 6336K, reserved 1048576K
}
Event: 1617.717 GC heap after
{Heap after GC invocations=844 (full 752):
 PSYoungGen      total 47616K, used 34303K [0x00000000f5580000, 0x00000000fb480000, 0x0000000100000000)
  eden space 34304K, 99% used [0x00000000f5580000,0x00000000f76fffc0,0x00000000f7700000)
  from space 13312K, 0% used [0x00000000f7700000,0x00000000f7700000,0x00000000f8400000)
  to   space 28672K, 0% used [0x00000000f9880000,0x00000000f9880000,0x00000000fb480000)
 ParOldGen       total 349696K, used 349694K [0x00000000e0000000, 0x00000000f5580000, 0x00000000f5580000)
  object space 349696K, 99% used [0x00000000e0000000,0x00000000f557f800,0x00000000f5580000)
 Metaspace       used 59470K, committed 60608K, reserved 1105920K
  class space    used 5870K, committed 6336K, reserved 1048576K
}
Event: 1617.717 GC heap before
{Heap before GC invocations=845 (full 753):
 PSYoungGen      total 47616K, used 34303K [0x00000000f5580000, 0x00000000fb480000, 0x0000000100000000)
  eden space 34304K, 99% used [0x00000000f5580000,0x00000000f76fffc0,0x00000000f7700000)
  from space 13312K, 0% used [0x00000000f7700000,0x00000000f7700000,0x00000000f8400000)
  to   space 28672K, 0% used [0x00000000f9880000,0x00000000f9880000,0x00000000fb480000)
 ParOldGen       total 349696K, used 349694K [0x00000000e0000000, 0x00000000f5580000, 0x00000000f5580000)
  object space 349696K, 99% used [0x00000000e0000000,0x00000000f557f800,0x00000000f5580000)
 Metaspace       used 59470K, committed 60608K, reserved 1105920K
  class space    used 5870K, committed 6336K, reserved 1048576K
}
Event: 1619.424 GC heap after
{Heap after GC invocations=845 (full 753):
 PSYoungGen      total 62976K, used 34303K [0x00000000f5580000, 0x00000000fb480000, 0x0000000100000000)
  eden space 34304K, 99% used [0x00000000f5580000,0x00000000f76fffc0,0x00000000f7700000)
  from space 28672K, 0% used [0x00000000f9880000,0x00000000f9880000,0x00000000fb480000)
  to   space 13312K, 0% used [0x00000000f7700000,0x00000000f7700000,0x00000000f8400000)
 ParOldGen       total 349696K, used 349693K [0x00000000e0000000, 0x00000000f5580000, 0x00000000f5580000)
  object space 349696K, 99% used [0x00000000e0000000,0x00000000f557f560,0x00000000f5580000)
 Metaspace       used 59470K, committed 60608K, reserved 1105920K
  class space    used 5870K, committed 6336K, reserved 1048576K
}

